<?xml version="1.0" encoding="UTF-8"?>
<!-- Generated by org.testng.reporters.JUnitReportReporter -->
<testsuite skipped="1" hostname="INL-7TVF2G2" name="pk_mercury_tours.Readexceldataintofff" tests="1" failures="0" timestamp="31 Jan 2018 07:06:39 GMT" time="0.000" errors="0">
  <testcase name="rag" time="0.000" classname="pk_mercury_tours.Readexceldataintofff">
    <skipped/>
  </testcase> <!-- rag -->
</testsuite> <!-- pk_mercury_tours.Readexceldataintofff -->
