<?xml version="1.0" encoding="UTF-8"?>
<!-- Generated by org.testng.reporters.JUnitReportReporter -->
<testsuite skipped="0" hostname="INL-7TVF2G2" name="pk_mercury_tours.Window_alert" tests="1" failures="0" timestamp="30 Jan 2018 09:17:23 GMT" time="17.926" errors="0">
  <testcase name="dropdown" time="17.926" classname="pk_mercury_tours.Window_alert"/>
</testsuite> <!-- pk_mercury_tours.Window_alert -->
