<?xml version="1.0" encoding="UTF-8"?>
<!-- Generated by org.testng.reporters.JUnitReportReporter -->
<testsuite skipped="0" hostname="INL-7TVF2G2" name="com.qa.test.AddressTest" tests="1" failures="0" timestamp="01 May 2019 04:35:18 GMT" time="33.741" errors="0">
  <testcase name="test" time="33.741" classname="com.qa.test.AddressTest"/>
</testsuite> <!-- com.qa.test.AddressTest -->
