<?xml version="1.0" encoding="UTF-8"?>
<!-- Generated by org.testng.reporters.JUnitReportReporter -->
<testsuite skipped="0" hostname="INL-7TVF2G2" name="pk_mercury_tours.Capture_Screenshot" tests="1" failures="0" timestamp="31 Jan 2018 07:03:45 GMT" time="32.574" errors="0">
  <testcase name="dropdown" time="32.574" classname="pk_mercury_tours.Capture_Screenshot"/>
</testsuite> <!-- pk_mercury_tours.Capture_Screenshot -->
